<?xml version="1.0" encoding="UTF-8"?>
<!-- Generated by org.testng.reporters.JUnitXMLReporter -->
<testsuite ignored="2" hostname="Magic" failures="0" tests="2" name="Test" time="0.012" errors="0" timestamp="16 Aug 2023 07:03:37 GMT">
  <testcase classname="com.testPractice.MavenPractic$MavenPractice" name="method" time="0.003"/>
  <testcase classname="com.testPractice.MavenPractice" name="method" time="0.0"/>
  <testcase classname="com.testPractice.MavenPractice" name="method1" time="0.0">
    <ignored/>
  </testcase> <!-- method1 -->
  <testcase classname="com.testPractice.MavenPractic$MavenPractice" name="method1" time="0.0">
    <ignored/>
  </testcase> <!-- method1 -->
</testsuite> <!-- Test -->
