<?xml version="1.0" encoding="UTF-8"?>
<!-- Generated by org.testng.reporters.JUnitXMLReporter -->
<testsuite ignored="0" hostname="Magic" failures="0" tests="4" name="Test" time="0.015" errors="0" timestamp="18 Aug 2023 07:36:02 GMT">
  <testcase classname="com.testPractice.MavenPractic" name="method" time="0.004"/>
  <testcase classname="com.testPractice.MavenPractic" name="method1" time="0.0"/>
  <testcase classname="com.testPractice.MavenPractice" name="method" time="0.0"/>
  <testcase classname="com.testPractice.MavenPractice" name="method1" time="0.0"/>
</testsuite> <!-- Test -->
