<?xml version="1.0" encoding="UTF-8"?>
<testng-results ignored="0" total="4" passed="4" failed="0" skipped="0">
  <reporter-output>
  </reporter-output>
  <suite started-at="2023-08-18T07:36:02Z" name="Suite" finished-at="2023-08-18T07:36:02Z" duration-ms="15">
    <groups>
      <group name="system">
        <method signature="MavenPractic.method1()[pri:0, instance:com.testPractice.MavenPractic@5505ae1a]" name="method1" class="com.testPractice.MavenPractic"/>
      </group> <!-- system -->
      <group name="smoke">
        <method signature="MavenPractic.method()[pri:0, instance:com.testPractice.MavenPractic@5505ae1a]" name="method" class="com.testPractice.MavenPractic"/>
        <method signature="MavenPractice.method()[pri:0, instance:com.testPractice.MavenPractice@73cd37c0]" name="method" class="com.testPractice.MavenPractice"/>
      </group> <!-- smoke -->
    </groups>
    <test started-at="2023-08-18T07:36:02Z" name="Test" finished-at="2023-08-18T07:36:02Z" duration-ms="15">
      <class name="com.testPractice.MavenPractice">
        <test-method signature="method()[pri:0, instance:com.testPractice.MavenPractice@73cd37c0]" started-at="2023-08-18T07:36:02Z" name="method" finished-at="2023-08-18T07:36:02Z" duration-ms="0" status="PASS">
          <reporter-output>
          </reporter-output>
        </test-method> <!-- method -->
        <test-method signature="method1()[pri:0, instance:com.testPractice.MavenPractice@73cd37c0]" started-at="2023-08-18T07:36:02Z" name="method1" finished-at="2023-08-18T07:36:02Z" duration-ms="0" status="PASS">
          <reporter-output>
          </reporter-output>
        </test-method> <!-- method1 -->
      </class> <!-- com.testPractice.MavenPractice -->
      <class name="com.testPractice.MavenPractic">
        <test-method signature="method()[pri:0, instance:com.testPractice.MavenPractic@5505ae1a]" started-at="2023-08-18T07:36:02Z" name="method" finished-at="2023-08-18T07:36:02Z" duration-ms="4" status="PASS">
          <reporter-output>
          </reporter-output>
        </test-method> <!-- method -->
        <test-method signature="method1()[pri:0, instance:com.testPractice.MavenPractic@5505ae1a]" started-at="2023-08-18T07:36:02Z" name="method1" finished-at="2023-08-18T07:36:02Z" duration-ms="0" status="PASS">
          <reporter-output>
          </reporter-output>
        </test-method> <!-- method1 -->
      </class> <!-- com.testPractice.MavenPractic -->
    </test> <!-- Test -->
  </suite> <!-- Suite -->
</testng-results>
