<?xml version="1.0" encoding="UTF-8"?>
<testng-results ignored="2" total="4" passed="2" failed="0" skipped="0">
  <reporter-output>
  </reporter-output>
  <suite started-at="2023-08-16T07:03:37Z" name="Suite" finished-at="2023-08-16T07:03:37Z" duration-ms="12">
    <groups>
      <group name="smoke">
        <method signature="MavenPractic$MavenPractice.method()[pri:0, instance:com.testPractice.MavenPractic$MavenPractice@59402b8f]" name="method" class="com.testPractice.MavenPractic$MavenPractice"/>
        <method signature="MavenPractice.method()[pri:0, instance:com.testPractice.MavenPractice@7188af83]" name="method" class="com.testPractice.MavenPractice"/>
      </group> <!-- smoke -->
    </groups>
    <test started-at="2023-08-16T07:03:37Z" name="Test" finished-at="2023-08-16T07:03:37Z" duration-ms="12">
      <class name="com.testPractice.MavenPractice">
        <test-method signature="method()[pri:0, instance:com.testPractice.MavenPractice@7188af83]" started-at="2023-08-16T07:03:37Z" name="method" finished-at="2023-08-16T07:03:37Z" duration-ms="0" status="PASS">
          <reporter-output>
          </reporter-output>
        </test-method> <!-- method -->
      </class> <!-- com.testPractice.MavenPractice -->
      <class name="com.testPractice.MavenPractic$MavenPractice">
        <test-method signature="method()[pri:0, instance:com.testPractice.MavenPractic$MavenPractice@59402b8f]" started-at="2023-08-16T07:03:37Z" name="method" finished-at="2023-08-16T07:03:37Z" duration-ms="3" status="PASS">
          <reporter-output>
          </reporter-output>
        </test-method> <!-- method -->
      </class> <!-- com.testPractice.MavenPractic$MavenPractice -->
    </test> <!-- Test -->
  </suite> <!-- Suite -->
</testng-results>
