<?xml version="1.0" encoding="UTF-8"?>
<testng-results ignored="0" total="12" passed="11" failed="1" skipped="0">
  <reporter-output>
  </reporter-output>
  <suite started-at="2023-08-16T09:18:55Z" name="Default suite" finished-at="2023-08-16T09:18:55Z" duration-ms="27">
    <groups>
      <group name="system">
        <method signature="MavenPractic$MavenPractice.method1()[pri:0, instance:com.testPractice.MavenPractic$MavenPractice@15a34df2]" name="method1" class="com.testPractice.MavenPractic$MavenPractice"/>
      </group> <!-- system -->
      <group name="smoke">
        <method signature="MavenPractic$MavenPractice.method()[pri:0, instance:com.testPractice.MavenPractic$MavenPractice@15a34df2]" name="method" class="com.testPractice.MavenPractic$MavenPractice"/>
      </group> <!-- smoke -->
    </groups>
    <test started-at="2023-08-16T09:18:55Z" name="Default test" finished-at="2023-08-16T09:18:55Z" duration-ms="27">
      <class name="com.testPractice.MavenPractic">
        <test-method signature="setInvocationCount(org.testng.ITestContext, java.lang.String)[pri:0, instance:com.testPractice.MavenPractic@6e535154]" started-at="2023-08-16T09:18:55Z" name="setInvocationCount" finished-at="2023-08-16T09:18:55Z" duration-ms="0" status="FAIL">
          <exception class="org.testng.TestNGException">
            <message>
              <![CDATA[
Parameter 'requestsToEnv' is required by @Test on method setInvocationCount but has not been marked @Optional or defined
in C:\Users\Ayyappa$Naga\AppData\Local\Temp\testng-eclipse--493160072\testng-customsuite.xml]]>
            </message>
            <full-stacktrace>
              <![CDATA[org.testng.TestNGException: 
Parameter 'requestsToEnv' is required by @Test on method setInvocationCount but has not been marked @Optional or defined
in C:\Users\Ayyappa$Naga\AppData\Local\Temp\testng-eclipse--493160072\testng-customsuite.xml
at org.testng.internal.Parameters.createParams(Parameters.java:290)
at org.testng.internal.Parameters.createParametersForMethod(Parameters.java:359)
at org.testng.internal.Parameters.createParameters(Parameters.java:620)
at org.testng.internal.Parameters.handleParameters(Parameters.java:769)
at org.testng.internal.ParameterHandler.handleParameters(ParameterHandler.java:49)
at org.testng.internal.ParameterHandler.createParameters(ParameterHandler.java:37)
at org.testng.internal.Invoker.invokeTestMethods(Invoker.java:924)
at org.testng.internal.TestMethodWorker.invokeTestMethods(TestMethodWorker.java:125)
at org.testng.internal.TestMethodWorker.run(TestMethodWorker.java:109)
at org.testng.TestRunner.privateRun(TestRunner.java:648)
at org.testng.TestRunner.run(TestRunner.java:505)
at org.testng.SuiteRunner.runTest(SuiteRunner.java:455)
at org.testng.SuiteRunner.runSequentially(SuiteRunner.java:450)
at org.testng.SuiteRunner.privateRun(SuiteRunner.java:415)
at org.testng.SuiteRunner.run(SuiteRunner.java:364)
at org.testng.SuiteRunnerWorker.runSuite(SuiteRunnerWorker.java:52)
at org.testng.SuiteRunnerWorker.run(SuiteRunnerWorker.java:84)
at org.testng.TestNG.runSuitesSequentially(TestNG.java:1208)
at org.testng.TestNG.runSuitesLocally(TestNG.java:1137)
at org.testng.TestNG.runSuites(TestNG.java:1049)
at org.testng.TestNG.run(TestNG.java:1017)
at org.testng.remote.AbstractRemoteTestNG.run(AbstractRemoteTestNG.java:115)
at org.testng.remote.RemoteTestNG.initAndRun(RemoteTestNG.java:251)
at org.testng.remote.RemoteTestNG.main(RemoteTestNG.java:77)
]]>
            </full-stacktrace>
          </exception> <!-- org.testng.TestNGException -->
          <reporter-output>
          </reporter-output>
        </test-method> <!-- setInvocationCount -->
      </class> <!-- com.testPractice.MavenPractic -->
      <class name="com.testPractice.MavenPractic$MavenPractice">
        <test-method signature="method()[pri:0, instance:com.testPractice.MavenPractic$MavenPractice@15a34df2]" started-at="2023-08-16T09:18:55Z" name="method" finished-at="2023-08-16T09:18:55Z" duration-ms="5" status="PASS">
          <reporter-output>
          </reporter-output>
        </test-method> <!-- method -->
        <test-method signature="method()[pri:0, instance:com.testPractice.MavenPractic$MavenPractice@15a34df2]" started-at="2023-08-16T09:18:55Z" name="method" finished-at="2023-08-16T09:18:55Z" duration-ms="0" status="PASS">
          <reporter-output>
          </reporter-output>
        </test-method> <!-- method -->
        <test-method signature="method()[pri:0, instance:com.testPractice.MavenPractic$MavenPractice@15a34df2]" started-at="2023-08-16T09:18:55Z" name="method" finished-at="2023-08-16T09:18:55Z" duration-ms="2" status="PASS">
          <reporter-output>
          </reporter-output>
        </test-method> <!-- method -->
        <test-method signature="method()[pri:0, instance:com.testPractice.MavenPractic$MavenPractice@15a34df2]" started-at="2023-08-16T09:18:55Z" name="method" finished-at="2023-08-16T09:18:55Z" duration-ms="0" status="PASS">
          <reporter-output>
          </reporter-output>
        </test-method> <!-- method -->
        <test-method signature="method()[pri:0, instance:com.testPractice.MavenPractic$MavenPractice@15a34df2]" started-at="2023-08-16T09:18:55Z" name="method" finished-at="2023-08-16T09:18:55Z" duration-ms="1" status="PASS">
          <reporter-output>
          </reporter-output>
        </test-method> <!-- method -->
        <test-method signature="method()[pri:0, instance:com.testPractice.MavenPractic$MavenPractice@15a34df2]" started-at="2023-08-16T09:18:55Z" name="method" finished-at="2023-08-16T09:18:55Z" duration-ms="0" status="PASS">
          <reporter-output>
          </reporter-output>
        </test-method> <!-- method -->
        <test-method signature="method()[pri:0, instance:com.testPractice.MavenPractic$MavenPractice@15a34df2]" started-at="2023-08-16T09:18:55Z" name="method" finished-at="2023-08-16T09:18:55Z" duration-ms="0" status="PASS">
          <reporter-output>
          </reporter-output>
        </test-method> <!-- method -->
        <test-method signature="method()[pri:0, instance:com.testPractice.MavenPractic$MavenPractice@15a34df2]" started-at="2023-08-16T09:18:55Z" name="method" finished-at="2023-08-16T09:18:55Z" duration-ms="0" status="PASS">
          <reporter-output>
          </reporter-output>
        </test-method> <!-- method -->
        <test-method signature="method()[pri:0, instance:com.testPractice.MavenPractic$MavenPractice@15a34df2]" started-at="2023-08-16T09:18:55Z" name="method" finished-at="2023-08-16T09:18:55Z" duration-ms="0" status="PASS">
          <reporter-output>
          </reporter-output>
        </test-method> <!-- method -->
        <test-method signature="method()[pri:0, instance:com.testPractice.MavenPractic$MavenPractice@15a34df2]" started-at="2023-08-16T09:18:55Z" name="method" finished-at="2023-08-16T09:18:55Z" duration-ms="1" status="PASS">
          <reporter-output>
          </reporter-output>
        </test-method> <!-- method -->
        <test-method signature="method1()[pri:0, instance:com.testPractice.MavenPractic$MavenPractice@15a34df2]" started-at="2023-08-16T09:18:55Z" name="method1" finished-at="2023-08-16T09:18:55Z" duration-ms="1" status="PASS">
          <reporter-output>
          </reporter-output>
        </test-method> <!-- method1 -->
      </class> <!-- com.testPractice.MavenPractic$MavenPractice -->
    </test> <!-- Default test -->
  </suite> <!-- Default suite -->
</testng-results>
